Info: GOMC Version 2.70
Info: Start Time: Wed Jan 27 22:32:39 2021
Info: Host Name: potoff33
CPU information:
Info: Total number of CPUs: 8
Info: Total number of CPUs available: 8
Info: Model name: Intel(R) Core(TM) i7-9700K CPU @ 3.60GHz
Info: System name: Linux
Info: Release: 5.8.0-38-generic
Info: Version: #43~20.04.1-Ubuntu SMP Tue Jan 12 16:39:47 UTC 2021
Info: Kernel Architecture: x86_64
Info: Total Ram: 15859.1MB
Info: Used Ram: 13228.1MB
Info: Working in the current directory: /home6/greg/Desktop/profiling/NVT_targeted_swap_copy/GOMC/0000000003
GPU information:
Info: Device Number: 0
Info: Device name: GeForce RTX 2060
Info: Memory Clock Rate (KHz): 7001000
Info: Memory Bus Width (bits): 192
Info: Peak Memory Bandwidth (GB/s): 336.048000
Info: Using Device Number: 0
Info: GOMC COMPILED TO RUN GRAND CANONICAL ENSEMBLE.
Info: Number of threads                  8 
Info: Compiled with OpenMP Version       5.0 Preview 1

Reading Input File:                      in.conf
Info: Restart simulation                 Active 
Warning: Unknown input RestartCheckpoint!
Info: Random seed                        Active 
Info: PARAMETER file                     CHARMM format! 
Info: Chemical potential                 H2O    -4500.0000 K
Info: Input Temperature                  500.0000 K
Info: Switch truncated potential         Active 
Info: Switch distance                    10.0000 
Info: Long Range Correction              Inactive 
Info: Cutoff                             12.0000 A
Info: Short Range Cutoff                 1.0000 A
Info: Exclude                            ONE-FOUR 
Info: Ewald Summation                    Active 
Info: Cache Ewald Fourier                Inactive 
Info: Ewald Summation Tolerance          1.000E-05 
Info: Pressure calculation               Inactive 
Info: Total number of steps              5000 
Info: Number of equilibration steps      500 
Info: Move adjustment frequency          500 
Info: Molecule swap move frequency       1.0000 
Info: Displacement move frequency        0.0000 
Info: Rotation move frequency            0.0000 
Info: Regrowth move frequency            0.0000 
Info: Intra-Swap move frequency          0.0000 
Info: CBMC First atom trials             16   
Info: CBMC Secondary atom trials         8    
Info: CBMC Angle trials                  1    
Info: CBMC Dihedral trials               1    
Info: Output name                        Output_data 
Info: Restart frequency                  5000 
Warning: Unknown input CheckpointFreq!
Info: Coordinate frequency               5000 
Info: Console output frequency           5000 
Info: Average output frequency           5000 
Info: Histogram output frequency         5000 
Warning: Unknown input DCDRestartFreq!
Info: Histogram sample frequency         500 
Warning: Unknown input OutVolume!
Warning: Unknown input OutSurfaceTention!
Default: Multi-Particle move frequency   0.0000 
Default: Intra-MEMC move frequency       0.0000 
Default: Crank-Shaft move frequency      0.0000 
Default: MEMC move frequency             0.0000 
Default: CFCMC move frequency            0.0000 
Default: Box  0  CutoffCoulomb           12.0000 A
Default: Box  1  CutoffCoulomb           12.0000 A
Warning: Cell dimension set, but will be ignored in restart mode.
Note: Pressure Calculation Inactivated. Pressure average output will be ignored.
Note: Pressure Calculation Inactivated. Pressure output will be ignored.
Finished Reading Input File:             in.conf

Reading from CHARMM-Style parameter file:  	/home6/greg/Desktop/profiling/NVT_targeted_swap_copy/required_data/equilb_box_500K/common/SPCE.par
Reading BONDS parameters.
Reading ANGLES parameters.
Reading NONBONDED parameters.
Reading from box 0 PDB coordinate file:  	/home6/greg/Desktop/profiling/NVT_targeted_swap_copy/GOMC/0000000001/Output_data_BOX_0_restart.pdb
Finished reading:                       	/home6/greg/Desktop/profiling/NVT_targeted_swap_copy/GOMC/0000000001/Output_data_BOX_0_restart.pdb
Reading from box 1 PDB coordinate file:  	/home6/greg/Desktop/profiling/NVT_targeted_swap_copy/GOMC/0000000001/Output_data_BOX_1_restart.pdb
Finished reading:                       	/home6/greg/Desktop/profiling/NVT_targeted_swap_copy/GOMC/0000000001/Output_data_BOX_1_restart.pdb
Random number seed: 4061896274

Molecules in PSF:
Molecule Kind: H2O
Idx	name	type	charge	mass
0	O1	B	-0.8476	15.9994
1	H1	A	0.4238	1.0079
2	H2	A	0.4238	1.0079

Bonds:
[0 1] [0 2] 

Angles:
[1 0 2] 

Dihedrals:

Bonds parameter:
Atom Types                             Kb(K)           b0(A) 
B	A	                         FIX           1.0000 

Angles parameter:
Atom Types                         Ktheta(K)         theta0(degree) 
A	B	A	                 FIX         109.4710 

Dihedrals parameter:
Atom Types                           Kchi(K)    n    delta(degree) 

NonBonded 1-4 parameters:
Type1  Type2             Epsilon(K)    Sigma(A)       N 
B      B                    39.0945      1.5828   12.00 
B      A                     0.0000      0.7914   12.00 
A      A                     0.0000      0.0000   12.00 

NonBonded parameters:
Type1  Type2             Epsilon(K)    Sigma(A)       N 
B      B                    78.1891      3.1656   12.00 
B      A                     0.0000      1.5828   12.00 
A      A                     0.0000      0.0000   12.00 

Info: Reading extended system file /home6/greg/Desktop/profiling/NVT_targeted_swap_copy/NAMD/0000000002_a/namdOut.restart.xsc 

Info: Finished reading extended system file /home6/greg/Desktop/profiling/NVT_targeted_swap_copy/NAMD/0000000002_a/namdOut.restart.xsc 

Info: Reading extended system file /home6/greg/Desktop/profiling/NVT_targeted_swap_copy/GOMC/0000000001/Output_data_BOX_1_restart.xsc 

Info: Finished reading extended system file /home6/greg/Desktop/profiling/NVT_targeted_swap_copy/GOMC/0000000001/Output_data_BOX_1_restart.xsc 

Info: Reading from binary file /home6/greg/Desktop/profiling/NVT_targeted_swap_copy/NAMD/0000000002_a/namdOut.restart.coor

Info: Finished reading from binary file /home6/greg/Desktop/profiling/NVT_targeted_swap_copy/NAMD/0000000002_a/namdOut.restart.coor

Info: Reading from binary file /home6/greg/Desktop/profiling/NVT_targeted_swap_copy/GOMC/0000000001/Output_data_BOX_1_restart.coor

Info: Finished reading from binary file /home6/greg/Desktop/profiling/NVT_targeted_swap_copy/GOMC/0000000001/Output_data_BOX_1_restart.coor

Info: Box  0:  Periodic Cell Basis 1     146.575   0.000   0.000 
Info: Box  0:  Periodic Cell Basis 2      0.000 146.575   0.000 
Info: Box  0:  Periodic Cell Basis 3      0.000   0.000 146.575 

Info: Box  1:  Periodic Cell Basis 1     146.575   0.000   0.000 
Info: Box  1:  Periodic Cell Basis 2      0.000 146.575   0.000 
Info: Box  1:  Periodic Cell Basis 3      0.000   0.000 146.575 

Minimum coordinates in box 0: x =  -74.062, y =  -74.078, z =  -74.115
Maximum coordinates in box 0: x =   74.098, y =   74.094, z =   74.048
Wrapping molecules inside the simulation box 0:
Minimum coordinates in box 1: x =   -0.040, y =   -0.073, z =   -0.042
Maximum coordinates in box 1: x =  146.405, y =  146.715, z =  146.073
Wrapping molecules inside the simulation box 1:
Box: 0, RecipVectors: 187846, kmax: 45
Printed combined psf to file Output_data_merged.psf

################################################################################
########################## INITIAL SIMULATION ENERGY ###########################

ETITLE:     STEP           TOTAL        INTRA(B)       INTRA(NB)       INTER(LJ)             LRC     TOTAL_ELECT            REAL           RECIP            SELF            CORR

ENER_0:        0     -4.4685e+08      0.0000e+00      0.0000e+00      7.5957e+07      0.0000e+00     -5.2281e+08     -4.9077e+08      3.6612e+06     -2.8674e+09      2.8317e+09

ENER_1:        0      0.0000e+00      0.0000e+00      0.0000e+00      0.0000e+00      0.0000e+00      0.0000e+00      0.0000e+00      0.0000e+00      0.0000e+00      0.0000e+00

STITLE:     STEP        TOTALMOL     TOT_DENSITY

STAT_0:        0           99875      9.4878e+02

STAT_1:        0          100125      9.5115e+02

################################################################################
############################# STARTING SIMULATION ##############################

MTITLE:     STEP        TRANSFER      TRANACCEPT     TRANACCEPT%

ETITLE:     STEP           TOTAL        INTRA(B)       INTRA(NB)       INTER(LJ)             LRC     TOTAL_ELECT            REAL           RECIP            SELF            CORR

STITLE:     STEP        TOTALMOL     TOT_DENSITY

MOVE_0:     5000            2449              37      1.5108e+00

ENER_0:     5000     -4.4627e+08      0.0000e+00      0.0000e+00      7.5878e+07      0.0000e+00     -5.2214e+08     -4.9016e+08      3.6672e+06     -2.8639e+09      2.8282e+09

STAT_0:     5000           99754      9.4763e+02

MOVE_1:     5000            2551             158      6.1936e+00

ENER_1:     5000      0.0000e+00      0.0000e+00      0.0000e+00      0.0000e+00      0.0000e+00      0.0000e+00      0.0000e+00      0.0000e+00      0.0000e+00      0.0000e+00

STAT_1:     5000          100246      9.5230e+02

Writing binary restart coordinate to file Output_data_BOX_0_restart.coor at step 5000 
Finished writing binary restart coordinate to file Output_data_BOX_0_restart.coor at step 5000 
Writing binary restart coordinate to file Output_data_BOX_1_restart.coor at step 5000 
Finished writing binary restart coordinate to file Output_data_BOX_1_restart.coor at step 5000 
Writing checkpoint to file Output_data_restart.chk at step 5000
Checkpoint saved to Output_data_restart.chk
Simulation Time (total): 3.5890e+01 sec.

Move Type                Mol. Kind      BOX_0      BOX_1      
% Accepted Mol-Transfer        H2O      1.51082    6.19365 

Displacement:                            0.0000    sec.
Rotation:                                0.0000    sec.
MultiParticle:                           0.0000    sec.
Intra-Swap:                              0.0000    sec.
Regrowth:                                0.0000    sec.
Intra-MEMC:                              0.0000    sec.
Crank-Shaft:                             0.0000    sec.
Mol-Transfer:                           22.9767    sec.
MEMC:                                    0.0000    sec.
CFCMC:                                   0.0000    sec.

Info: GOMC Version 2.70
Info: Completed at: Wed Jan 27 22:34:04 2021
Info: On hostname: potoff33
