Charm++: standalone mode (not using charmrun)
Charm++> Running in Multicore mode: 8 threads (PEs)
Charm++> Using recursive bisection (scheme 3) for topology aware partitions
Converse/Charm++ Commit ID: v6.10.2-0-g7bf00fa-namd-charm-6.10.2-build-2020-Aug-05-556
Warning> Randomization of virtual memory (ASLR) is turned on in the kernel, thread migration may not work! Run 'echo 0 > /proc/sys/kernel/randomize_va_space' as root to disable it, or try running with '+isomalloc_sync'.
CharmLB> Load balancer assumes all CPUs are same.
Charm++> Running on 1 hosts (1 sockets x 8 cores x 1 PUs = 8-way SMP)
Charm++> cpu topology info is gathered in 0.000 seconds.
Info: Built with CUDA version 11020
Did not find +devices i,j,k,... argument, using all
Pe 7 physical rank 7 will use CUDA device of pe 4
Pe 0 physical rank 0 will use CUDA device of pe 4
Pe 2 physical rank 2 will use CUDA device of pe 4
Pe 6 physical rank 6 will use CUDA device of pe 4
Pe 1 physical rank 1 will use CUDA device of pe 4
Pe 3 physical rank 3 will use CUDA device of pe 4
Pe 5 physical rank 5 will use CUDA device of pe 4
Pe 4 physical rank 4 binding to CUDA device 0 on potoff33: 'GeForce RTX 2060'  Mem: 5934MB  Rev: 7.5  PCI: 0:1:0
Info: NAMD 3.0alpha8 for Linux-x86_64-multicore-CUDA
Info: 
Info: Please visit http://www.ks.uiuc.edu/Research/namd/
Info: for updates, documentation, and support information.
Info: 
Info: Please cite Phillips et al., J. Chem. Phys. 153:044130 (2020) doi:10.1063/5.0014475
Info: in all publications reporting results obtained with NAMD.
Info: 
Info: Based on Charm++/Converse 61002 for multicore-linux-x86_64
Info: Built Tue 26 Jan 2021 09:26:59 PM EST by greg on potoff33
Info: 1 NAMD  3.0alpha8  Linux-x86_64-multicore-CUDA  8    potoff33  greg
Info: Running on 8 processors, 1 nodes, 1 physical nodes.
Info: CPU topology information available.
Info: Charm++/Converse parallel runtime startup completed at 0.39604 s
Info: 0 MB of memory in use based on /proc/self/stat
Info: Using bitfields in atom data structures.
Info:   sizeof( CompAtom )    = 32
Info:   sizeof( CompAtomExt ) = 8
CkLoopLib is used in SMP with simple dynamic scheduling (converse-level notification)
Info: Configuration file is in.conf
Info: Working in the current directory /home6/greg/Desktop/profiling/NVT_targeted_swap_copy/NAMD/0000000002_a
TCL: Suspending until startup complete.
Warning: The following variables were set in the
Warning: configuration file but will be ignored:
Warning:    LangevinPistonTarget (LangevinPiston)
Warning:    LangevinPistonPeriod (LangevinPiston)
Warning:    LangevinPistonDecay (LangevinPiston)
Warning:    LangevinPistonTemp (LangevinPiston)
Info: EXTENDED SYSTEM FILE   /home6/greg/Desktop/profiling/NVT_targeted_swap_copy/GOMC/0000000001/Output_data_BOX_0_restart.xsc
Info: Tuning parameters to improve CUDASOAintegrate performance
Warning: The Langevin gamma parameters differ over the particles,
Warning: requiring extra work per step to constrain rigid bonds.
Warning: Disabling lonepair support due to incompatability with SOA.
Info: Using SOA integration routine
Info: Using CUDA SOA integration routine
Info: SIMULATION PARAMETERS:
Info: TIMESTEP               2
Info: NUMBER OF STEPS        0
Info: STEPS PER CYCLE        10
Info: PERIODIC CELL BASIS 1  146.575 0 0
Info: PERIODIC CELL BASIS 2  0 146.575 0
Info: PERIODIC CELL BASIS 3  0 0 146.575
Info: PERIODIC CELL CENTER   0 0 0
Info: WRAPPING ALL CLUSTERS AROUND PERIODIC BOUNDARIES ON OUTPUT.
Info: LOAD BALANCER  Centralized
Info: LOAD BALANCING STRATEGY  New Load Balancers -- DEFAULT
Info: LDB PERIOD             2000 steps
Info: FIRST LDB TIMESTEP     50
Info: LAST LDB TIMESTEP     -1
Info: LDB BACKGROUND SCALING 1
Info: HOM BACKGROUND SCALING 1
Info: PME BACKGROUND SCALING 1
Info: MIN ATOMS PER PATCH    40
Info: INITIAL TEMPERATURE    500
Info: CENTER OF MASS MOVING INITIALLY? NO
Info: DIELECTRIC             1
Info: EXCLUDE                SCALED ONE-FOUR
Info: 1-4 ELECTROSTATICS SCALED BY 1
Info: MODIFIED 1-4 VDW PARAMETERS WILL BE USED
Info: DCD FILENAME           namdOut.dcd
Info: DCD FREQUENCY          5000
Info: DCD FIRST STEP         5000
Info: DCD FILE WILL CONTAIN UNIT CELL DATA
Info: XST FILENAME           namdOut.xst
Info: XST FREQUENCY          5000
Info: NO VELOCITY DCD OUTPUT
Info: NO FORCE DCD OUTPUT
Info: OUTPUT FILENAME        namdOut
Info: BINARY OUTPUT FILES WILL BE USED
Info: RESTART FILENAME       namdOut.restart
Info: RESTART FREQUENCY      5000
Info: BINARY RESTART FILES WILL BE USED
Info: SWITCHING ACTIVE
Info: SWITCHING ON           10
Info: SWITCHING OFF          12
Info: PAIRLIST DISTANCE      16
Info: PAIRLIST SHRINK RATE   0.01
Info: PAIRLIST GROW RATE     0.01
Info: PAIRLIST TRIGGER       0.3
Info: PAIRLISTS PER CYCLE    2
Info: PAIRLISTS ENABLED
Info: MARGIN                 4
Info: HYDROGEN GROUP CUTOFF  2.5
Info: PATCH DIMENSION        22.5
Info: ENERGY OUTPUT STEPS    5000
Info: ENERGY EVALUATION STEPS    5000
Info: CROSSTERM ENERGY INCLUDED IN DIHEDRAL
Info: TIMING OUTPUT STEPS    50000
Info: PRESSURE OUTPUT STEPS  5000
Info: LANGEVIN DYNAMICS ACTIVE
Info: LANGEVIN TEMPERATURE   500
Info: LANGEVIN USING BBK INTEGRATOR
Info: LANGEVIN DAMPING COEFFICIENT IS 1 INVERSE PS
Info: LANGEVIN DYNAMICS NOT APPLIED TO HYDROGENS
Info: PARTICLE MESH EWALD (PME) ACTIVE
Info: PME TOLERANCE               1e-05
Info: PME EWALD COEFFICIENT       0.226635
Info: PME INTERPOLATION ORDER     4
Info: PME GRID DIMENSIONS         146 146 146
Info: PME MAXIMUM GRID SPACING    1.5
Info: Attempting to read FFTW data from system
Info: Attempting to read FFTW data from FFTW_NAMD_3.0alpha8_Linux-x86_64-multicore-CUDA_FFTW3.txt
Info: Optimizing 6 FFT steps.  1... 2... 3... 4... 5... 6...   Done.
Info: Writing FFTW data to FFTW_NAMD_3.0alpha8_Linux-x86_64-multicore-CUDA_FFTW3.txt
Info: FULL ELECTROSTATIC EVALUATION FREQUENCY      2
Info: USING VERLET I (r-RESPA) MTS SCHEME.
Info: C1 SPLITTING OF LONG RANGE ELECTROSTATICS
Info: PLACING ATOMS IN PATCHES BY HYDROGEN GROUPS
Info: RIGID BONDS TO HYDROGEN : ALL
Info:         ERROR TOLERANCE : 1e-08
Info:          MAX ITERATIONS : 100
Info: RIGID WATER USING SETTLE ALGORITHM
Info: RANDOM NUMBER SEED     1611804676
Info: USE HYDROGEN BONDS?    NO
Info: COORDINATE PDB         /home6/greg/Desktop/profiling/NVT_targeted_swap_copy/GOMC/0000000001/Output_data_BOX_0_restart.pdb
Info: STRUCTURE FILE         /home6/greg/Desktop/profiling/NVT_targeted_swap_copy/GOMC/0000000001/Output_data_BOX_0_restart.psf
Info: PARAMETER file: CHARMM format! 
Info: PARAMETERS             /home6/greg/Desktop/profiling/NVT_targeted_swap_copy/required_data/equilb_box_500K/common/toppar_water_ions.str
Info: USING ARITHMETIC MEAN TO COMBINE L-J SIGMA PARAMETERS
Info: BINARY COORDINATES     /home6/greg/Desktop/profiling/NVT_targeted_swap_copy/GOMC/0000000001/Output_data_BOX_0_restart.coor
Info: SUMMARY OF PARAMETERS:
Info: 1 BONDS
Info: 1 ANGLES
Info: 1 DIHEDRAL
Info: 0 IMPROPER
Info: 0 CROSSTERM
Info: 2 VDW
Info: 0 VDW_PAIRS
Info: 0 NBTHOLE_PAIRS
Info: TIME FOR READING PSF FILE: 1.27149
Info: Reading pdb file /home6/greg/Desktop/profiling/NVT_targeted_swap_copy/GOMC/0000000001/Output_data_BOX_0_restart.pdb
Info: TIME FOR READING PDB FILE: 0.243684
Info: 
Info: ****************************
Info: STRUCTURE SUMMARY:
Info: 299625 ATOMS
Info: 199750 BONDS
Info: 99875 ANGLES
Info: 0 DIHEDRALS
Info: 0 IMPROPERS
Info: 0 CROSSTERMS
Info: 0 EXCLUSIONS
Info: 299625 RIGID BONDS
Info: 599250 DEGREES OF FREEDOM
Info: 99875 HYDROGEN GROUPS
Info: 3 ATOMS IN LARGEST HYDROGEN GROUP
Info: 99875 MIGRATION GROUPS
Info: 3 ATOMS IN LARGEST MIGRATION GROUP
Info: TOTAL MASS = 1.79927e+06 amu
Info: TOTAL CHARGE = 0 e
Info: MASS DENSITY = 0.948802 g/cm^3
Info: ATOM DENSITY = 0.0951477 atoms/A^3
Info: *****************************
Info: Reading from binary file /home6/greg/Desktop/profiling/NVT_targeted_swap_copy/GOMC/0000000001/Output_data_BOX_0_restart.coor
Info: 
Info: Entering startup at 1.99331 s, 0 MB of memory in use
Info: Startup phase 0 took 0.00100889 s, 0 MB of memory in use
Info: ADDED 299625 IMPLICIT EXCLUSIONS
Info: Startup phase 1 took 0.0453075 s, 0 MB of memory in use
Info: NONBONDED TABLE R-SQUARED SPACING: 0.0625
Info: NONBONDED TABLE SIZE: 769 POINTS
Info: INCONSISTENCY IN FAST TABLE ENERGY VS FORCE: 0.000325096 AT 11.9556
Info: INCONSISTENCY IN SCOR TABLE ENERGY VS FORCE: 0.000338421 AT 12.039
Info: INCONSISTENCY IN VDWA TABLE ENERGY VS FORCE: 0.0040507 AT 0.251946
Info: INCONSISTENCY IN VDWB TABLE ENERGY VS FORCE: 0.00150189 AT 0.251946
Info: Startup phase 2 took 0.000198796 s, 0 MB of memory in use
Info: Startup phase 3 took 2.2796e-05 s, 0 MB of memory in use
Info: Startup phase 4 took 0.000890463 s, 0 MB of memory in use
Info: Startup phase 5 took 4.9559e-05 s, 0 MB of memory in use
Info: PATCH GRID IS 6 (PERIODIC) BY 6 (PERIODIC) BY 6 (PERIODIC)
Info: PATCH GRID IS 1-AWAY BY 1-AWAY BY 1-AWAY
Info: REMOVING COM VELOCITY 0.0324275 -0.00534411 -0.0183924
Info: LARGEST PATCH (114) HAS 1449 ATOMS
Info: TORUS A SIZE 1 USING 0
Info: TORUS B SIZE 1 USING 0
Info: TORUS C SIZE 1 USING 0
Info: TORUS MINIMAL MESH SIZE IS 1 BY 1 BY 1
Info: Placed 100% of base nodes on same physical node as patch
Info: Startup phase 6 took 0.0751988 s, 0 MB of memory in use
Info: Use 3D box decompostion in PME FFT.
Info: PME using 1 x 1 x 1 pencil grid for FFT and reciprocal sum.
Info: Startup phase 7 took 0.000102734 s, 0 MB of memory in use
Info: Updated CUDA force table with 4096 elements.
Info: Updated CUDA LJ table with 2 x 2 elements.
Info: Startup phase 8 took 0.000446421 s, 0 MB of memory in use
Info: Startup phase 9 took 2.914e-05 s, 0 MB of memory in use
Info: Startup phase 10 took 2.0477e-05 s, 0 MB of memory in use
Info: Startup phase 11 took 0.00749791 s, 0 MB of memory in use
LDB: Central LB being created...
Info: Startup phase 12 took 0.00100594 s, 0 MB of memory in use
Info: CREATING 4600 COMPUTE OBJECTS
Info: Found 3 unique exclusion lists needing 4 bytes
Info: useSync: 0 useProxySync: 0
Info: Startup phase 13 took 0.00894395 s, 0 MB of memory in use
Info: Startup phase 14 took 0.000513538 s, 0 MB of memory in use
Info: Startup phase 15 took 4.6482e-05 s, 0 MB of memory in use
Info: Finished startup at 2.13459 s, 0 MB of memory in use

REINITIALIZING VELOCITIES AT STEP 0 TO 500 KELVIN.
TCL: Running for 5000 steps
PRESSURE: 0 2250.99 -9.29439 -3.95545 -9.29528 2243.28 -5.96532 -3.95509 -5.96596 2270.06
GPRESSURE: 0 2309.61 35.8597 -0.149962 -63.1747 2260.16 -13.7996 16.5482 5.00048 2286.1
ETITLE:      TS           BOND          ANGLE          DIHED          IMPRP               ELECT            VDW       BOUNDARY           MISC        KINETIC               TOTAL           TEMP      POTENTIAL         TOTAL3        TEMPAVG            PRESSURE      GPRESSURE         VOLUME       PRESSAVG      GPRESSAVG

ENERGY:       0         0.0000         0.0000         0.0000         0.0000       -1052932.8354    154867.1588         0.0000         0.0000    297248.8191        -600816.8575       499.2321   -898065.6766   -600222.0478       499.2321           2254.7777      2285.2887   3149051.1039      2254.7777      2285.2887

OPENING EXTENDED SYSTEM TRAJECTORY FILE
Info: Initial time: 8 CPUs 0.0168804 s/step 10.2367 ns/day 0 MB memory
Info: Initial time: 8 CPUs 0.0149851 s/step 11.5314 ns/day 0 MB memory
Info: Initial time: 8 CPUs 0.0151915 s/step 11.3748 ns/day 0 MB memory
Info: Benchmark time: 8 CPUs 0.0151628 s/step 11.3963 ns/day 0 MB memory
Info: Benchmark time: 8 CPUs 0.0152519 s/step 11.3297 ns/day 0 MB memory
Info: Benchmark time: 8 CPUs 0.0155747 s/step 11.095 ns/day 0 MB memory
Info: Benchmark time: 8 CPUs 0.0155428 s/step 11.1177 ns/day 0 MB memory
Info: Benchmark time: 8 CPUs 0.0169918 s/step 10.1696 ns/day 0 MB memory
Info: Benchmark time: 8 CPUs 0.0148825 s/step 11.611 ns/day 0 MB memory
PRESSURE: 5000 2277.58 36.3358 75.7686 36.3353 2225.16 9.07252 75.7686 9.07228 2257.25
GPRESSURE: 5000 2274.22 15.4706 92.5514 39.1441 2302.16 -6.95251 48.6705 31.4875 2281.84
PRESSAVG: 5000 2187.2 -6.25171 -1.65921 -6.25171 2208.95 5.28188 -1.65921 5.28188 2204.65
GPRESSAVG: 5000 1085.21 -3.62951 -2.02916 -3.62478 1101.41 4.47034 -2.03794 4.47803 1098.89
ENERGY:    5000         0.0000         0.0000         0.0000         0.0000       -1039559.0316    150943.0834         0.0000         0.0000    297015.2718        -591600.6763       498.8398   -888615.9482   -593237.6247         0.0998           2253.3302      2286.0730   3149051.1039      2200.2642      1095.1711

WRITING EXTENDED SYSTEM TO RESTART FILE AT STEP 5000
OPENING COORDINATE DCD FILE
WRITING COORDINATES TO DCD FILE namdOut.dcd AT STEP 5000
WRITING COORDINATES TO RESTART FILE AT STEP 5000
FINISHED WRITING RESTART COORDINATES
The last position output (seq=5000) takes 0.468 seconds, 0.000 MB of memory in use
WRITING VELOCITIES TO RESTART FILE AT STEP 5000
FINISHED WRITING RESTART VELOCITIES
The last velocity output (seq=5000) takes 0.669 seconds, 0.000 MB of memory in use
WRITING EXTENDED SYSTEM TO OUTPUT FILE AT STEP 5000
CLOSING EXTENDED SYSTEM TRAJECTORY FILE
WRITING COORDINATES TO OUTPUT FILE AT STEP 5000
CLOSING COORDINATE DCD FILE namdOut.dcd
The last position output (seq=-2) takes 0.159 seconds, 0.000 MB of memory in use
WRITING VELOCITIES TO OUTPUT FILE AT STEP 5000
The last velocity output (seq=-2) takes 0.164 seconds, 0.000 MB of memory in use
====================================================

WallClock: 82.885712  CPUTime: 4.659478  Memory: 0.000000 MB
[Partition 0][Node 0] End of program
