*************************************************
date and time (start) = 2021-01-26 21:33:20.144892 
************************************************* 
*************************************************
NAMD_executable_file = /home6/greg/Desktop/profiling/NVT_targeted_swap_copy/required_data/bin/NAMD212/namd3 
************************************************* 
*************************************************
GOMC_executable_file = /home6/greg/Desktop/profiling/NVT_targeted_swap_copy/required_data/bin/GOMC_GPU_NVT 
************************************************* 
*************************************************
The NAMD FFT file not deteted from Run 0 in Box 0 
************************************************* 
*************************************************
The NAMD FFT file not deteted from Run 0 in Box 0 
************************************************* 
*************************************************
*************************************************
Run_No = 0 (START)
************************************************* 
NAMD simulation data for simulation number 0 in box 0 is completed 
*************************************************
Runnging the initial NAMD simulations now 
Waiting for initial NAMD simulation to finish  
The NAMD simulation are finished  
*************************************************
Run_No = 0 (End)  
*************************************************
*************************************************
Run_No = 1 (START)
************************************************* 
************************************************* 
GOMC simulation data for simulation number 1 is completed 
*************************************************
Runnging the GOMC simulations now  
Waiting for initial GOMC simulation to finish The GOMC simulation are finished Completed simulation in GOMC command
************************************************* 
PASSED:  Box 0 VDW error fraction between the check between the last point in run 0 and the first point in run 1, error fraction =  1.8357808105042003e-05 
PASSED: Box 0 The Electrostatic error fraction between  the last point in run 0 and the first point in run 1, error fraction =  0.000594759485361635 
*************************************************
Run_No = 1 (End)  
*************************************************
*************************************************
Run_No = 2 (START)
************************************************* 
************************************************* 
NAMD simulation data for simulation number 2 in box 0 is completed 
*************************************************
Runnging the initial NAMD simulations now 
Waiting for initial NAMD simulation to finish  
The NAMD simulation are finished  
PASSED:  Box 0 VDW error fraction between the check between the last point in run 1 and the first point in run 2, error fraction =  1.3545547227205376e-05 
PASSED: Box 0 The Electrostatic error fraction between  the last point in run 1 and the first point in run 2, error fraction =  0.0005964179334916315 
*************************************************
Run_No = 2 (End)  
*************************************************
*************************************************
Run_No = 3 (START)
************************************************* 
************************************************* 
GOMC simulation data for simulation number 3 is completed 
*************************************************
Runnging the GOMC simulations now  
Waiting for initial GOMC simulation to finish The GOMC simulation are finished Completed simulation in GOMC command
************************************************* 
PASSED:  Box 0 VDW error fraction between the check between the last point in run 2 and the first point in run 3, error fraction =  1.6005107829766258e-05 
PASSED: Box 0 The Electrostatic error fraction between  the last point in run 2 and the first point in run 3, error fraction =  0.0006096958200479472 
*************************************************
Run_No = 3 (End)  
*************************************************
*************************************************
Run_No = 4 (START)
************************************************* 
************************************************* 
NAMD simulation data for simulation number 4 in box 0 is completed 
*************************************************
Runnging the initial NAMD simulations now 
Waiting for initial NAMD simulation to finish  
The NAMD simulation are finished  
PASSED:  Box 0 VDW error fraction between the check between the last point in run 3 and the first point in run 4, error fraction =  1.2898460839458932e-05 
PASSED: Box 0 The Electrostatic error fraction between  the last point in run 3 and the first point in run 4, error fraction =  0.0005993826734086412 
*************************************************
Run_No = 4 (End)  
*************************************************
*************************************************
Run_No = 5 (START)
************************************************* 
************************************************* 
GOMC simulation data for simulation number 5 is completed 
*************************************************
Runnging the GOMC simulations now  
Waiting for initial GOMC simulation to finish The GOMC simulation are finished Completed simulation in GOMC command
************************************************* 
PASSED:  Box 0 VDW error fraction between the check between the last point in run 4 and the first point in run 5, error fraction =  1.2783627376846281e-05 
PASSED: Box 0 The Electrostatic error fraction between  the last point in run 4 and the first point in run 5, error fraction =  0.0005957726226617146 
*************************************************
Run_No = 5 (End)  
*************************************************
*************************************************
Run_No = 6 (START)
************************************************* 
************************************************* 
NAMD simulation data for simulation number 6 in box 0 is completed 
*************************************************
Runnging the initial NAMD simulations now 
Waiting for initial NAMD simulation to finish  
The NAMD simulation are finished  
PASSED:  Box 0 VDW error fraction between the check between the last point in run 5 and the first point in run 6, error fraction =  1.0179672906291418e-05 
PASSED: Box 0 The Electrostatic error fraction between  the last point in run 5 and the first point in run 6, error fraction =  0.0006057692862939131 
*************************************************
Run_No = 6 (End)  
*************************************************
*************************************************
Run_No = 7 (START)
************************************************* 
************************************************* 
GOMC simulation data for simulation number 7 is completed 
*************************************************
Runnging the GOMC simulations now  
Waiting for initial GOMC simulation to finish The GOMC simulation are finished Completed simulation in GOMC command
************************************************* 
PASSED:  Box 0 VDW error fraction between the check between the last point in run 6 and the first point in run 7, error fraction =  1.1981792385788998e-05 
PASSED: Box 0 The Electrostatic error fraction between  the last point in run 6 and the first point in run 7, error fraction =  0.0006031972608265713 
*************************************************
Run_No = 7 (End)  
*************************************************
*************************************************
Run_No = 8 (START)
************************************************* 
************************************************* 
NAMD simulation data for simulation number 8 in box 0 is completed 
*************************************************
Runnging the initial NAMD simulations now 
Waiting for initial NAMD simulation to finish  
The NAMD simulation are finished  
PASSED:  Box 0 VDW error fraction between the check between the last point in run 7 and the first point in run 8, error fraction =  1.0960806185284105e-05 
PASSED: Box 0 The Electrostatic error fraction between  the last point in run 7 and the first point in run 8, error fraction =  0.0006097991007657671 
*************************************************
Run_No = 8 (End)  
*************************************************
*************************************************
Run_No = 9 (START)
************************************************* 
************************************************* 
GOMC simulation data for simulation number 9 is completed 
*************************************************
Runnging the GOMC simulations now  
Waiting for initial GOMC simulation to finish The GOMC simulation are finished Completed simulation in GOMC command
************************************************* 
PASSED:  Box 0 VDW error fraction between the check between the last point in run 8 and the first point in run 9, error fraction =  1.6431004984807505e-05 
PASSED: Box 0 The Electrostatic error fraction between  the last point in run 8 and the first point in run 9, error fraction =  0.00060931899285509 
*************************************************
Run_No = 9 (End)  
*************************************************
*************************************************
Run_No = 10 (START)
************************************************* 
************************************************* 
NAMD simulation data for simulation number 10 in box 0 is completed 
*************************************************
Runnging the initial NAMD simulations now 
Waiting for initial NAMD simulation to finish  
The NAMD simulation are finished  
PASSED:  Box 0 VDW error fraction between the check between the last point in run 9 and the first point in run 10, error fraction =  9.234100350424561e-06 
PASSED: Box 0 The Electrostatic error fraction between  the last point in run 9 and the first point in run 10, error fraction =  0.0006023941299479306 
*************************************************
Run_No = 10 (End)  
*************************************************
*************************************************
Run_No = 11 (START)
************************************************* 
************************************************* 
GOMC simulation data for simulation number 11 is completed 
*************************************************
Runnging the GOMC simulations now  
Waiting for initial GOMC simulation to finish The GOMC simulation are finished Completed simulation in GOMC command
************************************************* 
